2025-03-21 22:37:52,758 - INFO - Menghubungkan ke MongoDB...
2025-03-21 22:37:52,769 - INFO - Berhasil terhubung ke MongoDB.
2025-03-21 22:37:52,769 - INFO - Berhasil terhubung ke MongoDB.
2025-03-21 22:37:52,769 - INFO - Menghubungkan ke FTP...
2025-03-21 22:37:52,955 - INFO - Berhasil terhubung ke FTP.
2025-03-21 22:37:52,956 - INFO - Berhasil terhubung ke FTP.
2025-03-21 22:37:52,956 - INFO - Mengambil dokumen dari MongoDB
2025-03-21 22:37:53,205 - ERROR - Gagal menjalankan move_files_from_database: not authorized on hidroponik-sg to execute command { find: "histories", filter: {}, lsid: { id: UUID("254438a2-f73a-4f9f-bec4-e8f60d24598a") }, $db: "hidroponik-sg" }, full error: {'ok': 0.0, 'errmsg': 'not authorized on hidroponik-sg to execute command { find: "histories", filter: {}, lsid: { id: UUID("254438a2-f73a-4f9f-bec4-e8f60d24598a") }, $db: "hidroponik-sg" }', 'code': 13, 'codeName': 'Unauthorized'}
2025-03-21 22:38:30,132 - INFO - Menghubungkan ke MongoDB...
2025-03-21 22:38:30,142 - INFO - Berhasil terhubung ke MongoDB.
2025-03-21 22:38:30,142 - INFO - Berhasil terhubung ke MongoDB.
2025-03-21 22:38:30,142 - INFO - Menghubungkan ke FTP...
2025-03-21 22:38:30,329 - INFO - Berhasil terhubung ke FTP.
2025-03-21 22:38:30,330 - INFO - Berhasil terhubung ke FTP.
2025-03-21 22:38:30,330 - INFO - Mengambil dokumen dari MongoDB
2025-03-21 22:38:52,433 - INFO - Menemukan 238677 file yang belum diproses.
2025-03-21 22:38:52,433 - INFO - [1/238677] Memproses file: CAM-P002-usG8utiGq.jpg
2025-03-21 22:38:52,457 - INFO - Mengunduh file CAM-P002-usG8utiGq.jpg dari FTP...
2025-03-21 22:38:52,687 - INFO - File CAM-P002-usG8utiGq.jpg berhasil diunduh ke E:/FTP\CAM-P002-usG8utiGq.jpg.
2025-03-21 22:38:52,688 - INFO - Menghapus file CAM-P002-usG8utiGq.jpg dari FTP...
2025-03-21 22:38:52,711 - INFO - File CAM-P002-usG8utiGq.jpg berhasil dihapus dari FTP.
2025-03-21 22:38:53,712 - INFO - [2/238677] Memproses file: CAM-P002-5IBpZm8CZ.jpg
2025-03-21 22:38:53,817 - INFO - Mengunduh file CAM-P002-5IBpZm8CZ.jpg dari FTP...
2025-03-21 22:38:54,878 - INFO - File CAM-P002-5IBpZm8CZ.jpg berhasil diunduh ke E:/FTP\CAM-P002-5IBpZm8CZ.jpg.
2025-03-21 22:38:54,879 - INFO - Menghapus file CAM-P002-5IBpZm8CZ.jpg dari FTP...
2025-03-21 22:38:54,945 - INFO - File CAM-P002-5IBpZm8CZ.jpg berhasil dihapus dari FTP.
2025-03-21 22:38:55,947 - INFO - [3/238677] Memproses file: CAM-P002-UmBkDLHmc.jpg
2025-03-21 22:38:56,082 - INFO - Mengunduh file CAM-P002-UmBkDLHmc.jpg dari FTP...
2025-03-21 22:38:56,386 - INFO - File CAM-P002-UmBkDLHmc.jpg berhasil diunduh ke E:/FTP\CAM-P002-UmBkDLHmc.jpg.
2025-03-21 22:38:56,388 - INFO - Menghapus file CAM-P002-UmBkDLHmc.jpg dari FTP...
2025-03-21 22:38:56,452 - INFO - File CAM-P002-UmBkDLHmc.jpg berhasil dihapus dari FTP.
2025-03-21 22:38:57,453 - INFO - [4/238677] Memproses file: CAM-P002-HJ22zposd.jpg
2025-03-21 22:38:57,504 - INFO - Mengunduh file CAM-P002-HJ22zposd.jpg dari FTP...
2025-03-21 22:38:57,779 - INFO - File CAM-P002-HJ22zposd.jpg berhasil diunduh ke E:/FTP\CAM-P002-HJ22zposd.jpg.
2025-03-21 22:38:57,779 - INFO - Menghapus file CAM-P002-HJ22zposd.jpg dari FTP...
2025-03-21 22:38:57,812 - INFO - File CAM-P002-HJ22zposd.jpg berhasil dihapus dari FTP.
2025-03-21 22:38:58,813 - INFO - [5/238677] Memproses file: CAM-P002-ZQeDZrWl4.jpg
2025-03-21 22:38:58,969 - INFO - Mengunduh file CAM-P002-ZQeDZrWl4.jpg dari FTP...
2025-03-21 22:38:59,112 - INFO - File CAM-P002-ZQeDZrWl4.jpg berhasil diunduh ke E:/FTP\CAM-P002-ZQeDZrWl4.jpg.
2025-03-21 22:38:59,112 - INFO - Menghapus file CAM-P002-ZQeDZrWl4.jpg dari FTP...
2025-03-21 22:38:59,141 - INFO - File CAM-P002-ZQeDZrWl4.jpg berhasil dihapus dari FTP.
2025-03-21 22:39:00,143 - INFO - [6/238677] Memproses file: CAM-P002-Yi0DeRa3A.jpg
2025-03-21 22:39:00,233 - INFO - Mengunduh file CAM-P002-Yi0DeRa3A.jpg dari FTP...
2025-03-21 22:39:00,510 - INFO - File CAM-P002-Yi0DeRa3A.jpg berhasil diunduh ke E:/FTP\CAM-P002-Yi0DeRa3A.jpg.
2025-03-21 22:39:00,510 - INFO - Menghapus file CAM-P002-Yi0DeRa3A.jpg dari FTP...
2025-03-21 22:39:00,705 - INFO - File CAM-P002-Yi0DeRa3A.jpg berhasil dihapus dari FTP.
